2016-02-07 17:28:59,807 0    [main] DEBUG org.jboss.logging  - Logging Provider: org.jboss.logging.Log4jLoggerProvider
2016-02-07 17:28:59,869 62   [main] DEBUG org.hibernate.type.BasicTypeRegistry  - Adding type registration boolean -> org.hibernate.type.BooleanType@262f4873
2016-02-07 17:28:59,869 62   [main] DEBUG org.hibernate.type.BasicTypeRegistry  - Adding type registration boolean -> org.hibernate.type.BooleanType@262f4873
2016-02-07 17:28:59,869 62   [main] DEBUG org.hibernate.type.BasicTypeRegistry  - Adding type registration java.lang.Boolean -> org.hibernate.type.BooleanType@262f4873
2016-02-07 17:28:59,872 65   [main] DEBUG org.hibernate.type.BasicTypeRegistry  - Adding type registration numeric_boolean -> org.hibernate.type.NumericBooleanType@4475a0c6
2016-02-07 17:28:59,876 69   [main] DEBUG org.hibernate.type.BasicTypeRegistry  - Adding type registration true_false -> org.hibernate.type.TrueFalseType@2d10dd87
2016-02-07 17:28:59,877 70   [main] DEBUG org.hibernate.type.BasicTypeRegistry  - Adding type registration yes_no -> org.hibernate.type.YesNoType@10da21bf
2016-02-07 17:28:59,882 75   [main] DEBUG org.hibernate.type.BasicTypeRegistry  - Adding type registration byte -> org.hibernate.type.ByteType@3995638a
2016-02-07 17:28:59,882 75   [main] DEBUG org.hibernate.type.BasicTypeRegistry  - Adding type registration byte -> org.hibernate.type.ByteType@3995638a
2016-02-07 17:28:59,883 76   [main] DEBUG org.hibernate.type.BasicTypeRegistry  - Adding type registration java.lang.Byte -> org.hibernate.type.ByteType@3995638a
2016-02-07 17:28:59,885 78   [main] DEBUG org.hibernate.type.BasicTypeRegistry  - Adding type registration character -> org.hibernate.type.CharacterType@6d7accc9
2016-02-07 17:28:59,885 78   [main] DEBUG org.hibernate.type.BasicTypeRegistry  - Adding type registration char -> org.hibernate.type.CharacterType@6d7accc9
2016-02-07 17:28:59,886 79   [main] DEBUG org.hibernate.type.BasicTypeRegistry  - Adding type registration java.lang.Character -> org.hibernate.type.CharacterType@6d7accc9
2016-02-07 17:28:59,889 82   [main] DEBUG org.hibernate.type.BasicTypeRegistry  - Adding type registration short -> org.hibernate.type.ShortType@6e705b40
2016-02-07 17:28:59,890 83   [main] DEBUG org.hibernate.type.BasicTypeRegistry  - Adding type registration short -> org.hibernate.type.ShortType@6e705b40
2016-02-07 17:28:59,890 83   [main] DEBUG org.hibernate.type.BasicTypeRegistry  - Adding type registration java.lang.Short -> org.hibernate.type.ShortType@6e705b40
2016-02-07 17:28:59,892 85   [main] DEBUG org.hibernate.type.BasicTypeRegistry  - Adding type registration integer -> org.hibernate.type.IntegerType@72a27e13
2016-02-07 17:28:59,893 86   [main] DEBUG org.hibernate.type.BasicTypeRegistry  - Adding type registration int -> org.hibernate.type.IntegerType@72a27e13
2016-02-07 17:28:59,893 86   [main] DEBUG org.hibernate.type.BasicTypeRegistry  - Adding type registration java.lang.Integer -> org.hibernate.type.IntegerType@72a27e13
2016-02-07 17:28:59,897 90   [main] DEBUG org.hibernate.type.BasicTypeRegistry  - Adding type registration long -> org.hibernate.type.LongType@1666453a
2016-02-07 17:28:59,897 90   [main] DEBUG org.hibernate.type.BasicTypeRegistry  - Adding type registration long -> org.hibernate.type.LongType@1666453a
2016-02-07 17:28:59,897 90   [main] DEBUG org.hibernate.type.BasicTypeRegistry  - Adding type registration java.lang.Long -> org.hibernate.type.LongType@1666453a
2016-02-07 17:28:59,900 93   [main] DEBUG org.hibernate.type.BasicTypeRegistry  - Adding type registration float -> org.hibernate.type.FloatType@29b00e45
2016-02-07 17:28:59,900 93   [main] DEBUG org.hibernate.type.BasicTypeRegistry  - Adding type registration float -> org.hibernate.type.FloatType@29b00e45
2016-02-07 17:28:59,901 94   [main] DEBUG org.hibernate.type.BasicTypeRegistry  - Adding type registration java.lang.Float -> org.hibernate.type.FloatType@29b00e45
2016-02-07 17:28:59,911 104  [main] DEBUG org.hibernate.type.BasicTypeRegistry  - Adding type registration double -> org.hibernate.type.DoubleType@5ddfb8d0
2016-02-07 17:28:59,911 104  [main] DEBUG org.hibernate.type.BasicTypeRegistry  - Adding type registration double -> org.hibernate.type.DoubleType@5ddfb8d0
2016-02-07 17:28:59,911 104  [main] DEBUG org.hibernate.type.BasicTypeRegistry  - Adding type registration java.lang.Double -> org.hibernate.type.DoubleType@5ddfb8d0
2016-02-07 17:28:59,916 109  [main] DEBUG org.hibernate.type.BasicTypeRegistry  - Adding type registration big_decimal -> org.hibernate.type.BigDecimalType@3033e3e0
2016-02-07 17:28:59,916 109  [main] DEBUG org.hibernate.type.BasicTypeRegistry  - Adding type registration java.math.BigDecimal -> org.hibernate.type.BigDecimalType@3033e3e0
2016-02-07 17:28:59,919 112  [main] DEBUG org.hibernate.type.BasicTypeRegistry  - Adding type registration big_integer -> org.hibernate.type.BigIntegerType@34521982
2016-02-07 17:28:59,921 114  [main] DEBUG org.hibernate.type.BasicTypeRegistry  - Adding type registration java.math.BigInteger -> org.hibernate.type.BigIntegerType@34521982
2016-02-07 17:28:59,924 117  [main] DEBUG org.hibernate.type.BasicTypeRegistry  - Adding type registration string -> org.hibernate.type.StringType@3c3aeae4
2016-02-07 17:28:59,925 118  [main] DEBUG org.hibernate.type.BasicTypeRegistry  - Adding type registration java.lang.String -> org.hibernate.type.StringType@3c3aeae4
2016-02-07 17:28:59,927 120  [main] DEBUG org.hibernate.type.BasicTypeRegistry  - Adding type registration nstring -> org.hibernate.type.StringNVarcharType@39d12be
2016-02-07 17:28:59,929 122  [main] DEBUG org.hibernate.type.BasicTypeRegistry  - Adding type registration ncharacter -> org.hibernate.type.CharacterNCharType@61a243f1
2016-02-07 17:28:59,931 124  [main] DEBUG org.hibernate.type.BasicTypeRegistry  - Adding type registration url -> org.hibernate.type.UrlType@11031d18
2016-02-07 17:28:59,931 124  [main] DEBUG org.hibernate.type.BasicTypeRegistry  - Adding type registration java.net.URL -> org.hibernate.type.UrlType@11031d18
2016-02-07 17:28:59,935 128  [main] DEBUG org.hibernate.type.BasicTypeRegistry  - Adding type registration date -> org.hibernate.type.DateType@6b2f5733
2016-02-07 17:28:59,935 128  [main] DEBUG org.hibernate.type.BasicTypeRegistry  - Adding type registration java.sql.Date -> org.hibernate.type.DateType@6b2f5733
2016-02-07 17:28:59,938 131  [main] DEBUG org.hibernate.type.BasicTypeRegistry  - Adding type registration time -> org.hibernate.type.TimeType@28da431b
2016-02-07 17:28:59,938 131  [main] DEBUG org.hibernate.type.BasicTypeRegistry  - Adding type registration java.sql.Time -> org.hibernate.type.TimeType@28da431b
2016-02-07 17:28:59,942 135  [main] DEBUG org.hibernate.type.BasicTypeRegistry  - Adding type registration timestamp -> org.hibernate.type.TimestampType@2810ba97
2016-02-07 17:28:59,942 135  [main] DEBUG org.hibernate.type.BasicTypeRegistry  - Adding type registration java.sql.Timestamp -> org.hibernate.type.TimestampType@2810ba97
2016-02-07 17:28:59,942 135  [main] DEBUG org.hibernate.type.BasicTypeRegistry  - Adding type registration java.util.Date -> org.hibernate.type.TimestampType@2810ba97
2016-02-07 17:28:59,945 138  [main] DEBUG org.hibernate.type.BasicTypeRegistry  - Adding type registration dbtimestamp -> org.hibernate.type.DbTimestampType@26e6d0a5
2016-02-07 17:28:59,947 140  [main] DEBUG org.hibernate.type.BasicTypeRegistry  - Adding type registration calendar -> org.hibernate.type.CalendarType@13edc485
2016-02-07 17:28:59,948 141  [main] DEBUG org.hibernate.type.BasicTypeRegistry  - Adding type registration java.util.Calendar -> org.hibernate.type.CalendarType@13edc485
2016-02-07 17:28:59,948 141  [main] DEBUG org.hibernate.type.BasicTypeRegistry  - Adding type registration java.util.GregorianCalendar -> org.hibernate.type.CalendarType@13edc485
2016-02-07 17:28:59,949 142  [main] DEBUG org.hibernate.type.BasicTypeRegistry  - Adding type registration calendar_date -> org.hibernate.type.CalendarDateType@76566fb
2016-02-07 17:28:59,951 144  [main] DEBUG org.hibernate.type.BasicTypeRegistry  - Adding type registration locale -> org.hibernate.type.LocaleType@2b9455f1
2016-02-07 17:28:59,951 144  [main] DEBUG org.hibernate.type.BasicTypeRegistry  - Adding type registration java.util.Locale -> org.hibernate.type.LocaleType@2b9455f1
2016-02-07 17:28:59,953 146  [main] DEBUG org.hibernate.type.BasicTypeRegistry  - Adding type registration currency -> org.hibernate.type.CurrencyType@44770739
2016-02-07 17:28:59,953 146  [main] DEBUG org.hibernate.type.BasicTypeRegistry  - Adding type registration java.util.Currency -> org.hibernate.type.CurrencyType@44770739
2016-02-07 17:28:59,955 148  [main] DEBUG org.hibernate.type.BasicTypeRegistry  - Adding type registration timezone -> org.hibernate.type.TimeZoneType@23cb2378
2016-02-07 17:28:59,955 148  [main] DEBUG org.hibernate.type.BasicTypeRegistry  - Adding type registration java.util.TimeZone -> org.hibernate.type.TimeZoneType@23cb2378
2016-02-07 17:28:59,957 150  [main] DEBUG org.hibernate.type.BasicTypeRegistry  - Adding type registration class -> org.hibernate.type.ClassType@740355a4
2016-02-07 17:28:59,957 150  [main] DEBUG org.hibernate.type.BasicTypeRegistry  - Adding type registration java.lang.Class -> org.hibernate.type.ClassType@740355a4
2016-02-07 17:28:59,961 154  [main] DEBUG org.hibernate.type.BasicTypeRegistry  - Adding type registration uuid-binary -> org.hibernate.type.UUIDBinaryType@7653537c
2016-02-07 17:28:59,961 154  [main] DEBUG org.hibernate.type.BasicTypeRegistry  - Adding type registration java.util.UUID -> org.hibernate.type.UUIDBinaryType@7653537c
2016-02-07 17:28:59,962 155  [main] DEBUG org.hibernate.type.BasicTypeRegistry  - Adding type registration uuid-char -> org.hibernate.type.UUIDCharType@1d9a43d7
2016-02-07 17:28:59,966 159  [main] DEBUG org.hibernate.type.BasicTypeRegistry  - Adding type registration pg-uuid -> org.hibernate.type.PostgresUUIDType@4cd67e21
2016-02-07 17:28:59,968 161  [main] DEBUG org.hibernate.type.BasicTypeRegistry  - Adding type registration binary -> org.hibernate.type.BinaryType@5aa4215
2016-02-07 17:28:59,968 161  [main] DEBUG org.hibernate.type.BasicTypeRegistry  - Adding type registration byte[] -> org.hibernate.type.BinaryType@5aa4215
2016-02-07 17:28:59,968 161  [main] DEBUG org.hibernate.type.BasicTypeRegistry  - Adding type registration [B -> org.hibernate.type.BinaryType@5aa4215
2016-02-07 17:28:59,970 163  [main] DEBUG org.hibernate.type.BasicTypeRegistry  - Adding type registration wrapper-binary -> org.hibernate.type.WrapperBinaryType@7a1b16bd
2016-02-07 17:28:59,970 163  [main] DEBUG org.hibernate.type.BasicTypeRegistry  - Adding type registration Byte[] -> org.hibernate.type.WrapperBinaryType@7a1b16bd
2016-02-07 17:28:59,970 163  [main] DEBUG org.hibernate.type.BasicTypeRegistry  - Adding type registration [Ljava.lang.Byte; -> org.hibernate.type.WrapperBinaryType@7a1b16bd
2016-02-07 17:28:59,972 165  [main] DEBUG org.hibernate.type.BasicTypeRegistry  - Adding type registration image -> org.hibernate.type.ImageType@65a7a525
2016-02-07 17:28:59,976 169  [main] DEBUG org.hibernate.type.BasicTypeRegistry  - Adding type registration characters -> org.hibernate.type.CharArrayType@c0e1c69
2016-02-07 17:28:59,976 169  [main] DEBUG org.hibernate.type.BasicTypeRegistry  - Adding type registration char[] -> org.hibernate.type.CharArrayType@c0e1c69
2016-02-07 17:28:59,976 169  [main] DEBUG org.hibernate.type.BasicTypeRegistry  - Adding type registration [C -> org.hibernate.type.CharArrayType@c0e1c69
2016-02-07 17:28:59,978 171  [main] DEBUG org.hibernate.type.BasicTypeRegistry  - Adding type registration wrapper-characters -> org.hibernate.type.CharacterArrayType@100a384
2016-02-07 17:28:59,978 171  [main] DEBUG org.hibernate.type.BasicTypeRegistry  - Adding type registration [Ljava.lang.Character; -> org.hibernate.type.CharacterArrayType@100a384
2016-02-07 17:28:59,978 171  [main] DEBUG org.hibernate.type.BasicTypeRegistry  - Adding type registration Character[] -> org.hibernate.type.CharacterArrayType@100a384
2016-02-07 17:28:59,979 172  [main] DEBUG org.hibernate.type.BasicTypeRegistry  - Adding type registration text -> org.hibernate.type.TextType@6d3f1f92
2016-02-07 17:28:59,981 174  [main] DEBUG org.hibernate.type.BasicTypeRegistry  - Adding type registration ntext -> org.hibernate.type.NTextType@561f72d0
2016-02-07 17:28:59,988 181  [main] DEBUG org.hibernate.type.BasicTypeRegistry  - Adding type registration blob -> org.hibernate.type.BlobType@424127cf
2016-02-07 17:28:59,988 181  [main] DEBUG org.hibernate.type.BasicTypeRegistry  - Adding type registration java.sql.Blob -> org.hibernate.type.BlobType@424127cf
2016-02-07 17:28:59,989 182  [main] DEBUG org.hibernate.type.BasicTypeRegistry  - Adding type registration materialized_blob -> org.hibernate.type.MaterializedBlobType@76768931
2016-02-07 17:28:59,997 190  [main] DEBUG org.hibernate.type.BasicTypeRegistry  - Adding type registration clob -> org.hibernate.type.ClobType@2e60ec56
2016-02-07 17:28:59,997 190  [main] DEBUG org.hibernate.type.BasicTypeRegistry  - Adding type registration java.sql.Clob -> org.hibernate.type.ClobType@2e60ec56
2016-02-07 17:29:00,006 199  [main] DEBUG org.hibernate.type.BasicTypeRegistry  - Adding type registration nclob -> org.hibernate.type.NClobType@176150c
2016-02-07 17:29:00,006 199  [main] DEBUG org.hibernate.type.BasicTypeRegistry  - Adding type registration java.sql.NClob -> org.hibernate.type.NClobType@176150c
2016-02-07 17:29:00,011 204  [main] DEBUG org.hibernate.type.BasicTypeRegistry  - Adding type registration materialized_clob -> org.hibernate.type.MaterializedClobType@5f159092
2016-02-07 17:29:00,012 205  [main] DEBUG org.hibernate.type.BasicTypeRegistry  - Adding type registration materialized_nclob -> org.hibernate.type.MaterializedNClobType@59e62b84
2016-02-07 17:29:00,018 211  [main] DEBUG org.hibernate.type.BasicTypeRegistry  - Adding type registration serializable -> org.hibernate.type.SerializableType@37411c67
2016-02-07 17:29:00,037 230  [main] DEBUG org.hibernate.type.BasicTypeRegistry  - Adding type registration object -> org.hibernate.type.ObjectType@61cc1457
2016-02-07 17:29:00,038 231  [main] DEBUG org.hibernate.type.BasicTypeRegistry  - Adding type registration java.lang.Object -> org.hibernate.type.ObjectType@61cc1457
2016-02-07 17:29:00,039 232  [main] DEBUG org.hibernate.type.BasicTypeRegistry  - Adding type registration imm_date -> org.hibernate.type.AdaptedImmutableType@6ed885d7
2016-02-07 17:29:00,039 232  [main] DEBUG org.hibernate.type.BasicTypeRegistry  - Adding type registration imm_time -> org.hibernate.type.AdaptedImmutableType@493b1f1b
2016-02-07 17:29:00,039 232  [main] DEBUG org.hibernate.type.BasicTypeRegistry  - Adding type registration imm_timestamp -> org.hibernate.type.AdaptedImmutableType@48774b2c
2016-02-07 17:29:00,039 232  [main] DEBUG org.hibernate.type.BasicTypeRegistry  - Adding type registration imm_dbtimestamp -> org.hibernate.type.AdaptedImmutableType@fe85adf
2016-02-07 17:29:00,039 232  [main] DEBUG org.hibernate.type.BasicTypeRegistry  - Adding type registration imm_calendar -> org.hibernate.type.AdaptedImmutableType@5fa5eea1
2016-02-07 17:29:00,040 233  [main] DEBUG org.hibernate.type.BasicTypeRegistry  - Adding type registration imm_calendar_date -> org.hibernate.type.AdaptedImmutableType@6d5bd16
2016-02-07 17:29:00,040 233  [main] DEBUG org.hibernate.type.BasicTypeRegistry  - Adding type registration imm_binary -> org.hibernate.type.AdaptedImmutableType@3a70f2db
2016-02-07 17:29:00,040 233  [main] DEBUG org.hibernate.type.BasicTypeRegistry  - Adding type registration imm_serializable -> org.hibernate.type.AdaptedImmutableType@4d5825d6
2016-02-07 17:29:00,089 282  [main] INFO  org.hibernate.annotations.common.Version  - HCANN000001: Hibernate Commons Annotations {4.0.2.Final}
2016-02-07 17:29:00,110 303  [main] INFO  org.hibernate.Version  - HHH000412: Hibernate Core {4.2.2.Final}
2016-02-07 17:29:00,115 308  [main] INFO  org.hibernate.cfg.Environment  - HHH000206: hibernate.properties not found
2016-02-07 17:29:00,118 311  [main] INFO  org.hibernate.cfg.Environment  - HHH000021: Bytecode provider name : javassist
2016-02-07 17:29:00,149 342  [main] DEBUG org.hibernate.id.factory.internal.DefaultIdentifierGeneratorFactory  - Registering IdentifierGenerator strategy [uuid2] -> [org.hibernate.id.UUIDGenerator]
2016-02-07 17:29:00,151 344  [main] DEBUG org.hibernate.id.factory.internal.DefaultIdentifierGeneratorFactory  - Registering IdentifierGenerator strategy [guid] -> [org.hibernate.id.GUIDGenerator]
2016-02-07 17:29:00,152 345  [main] DEBUG org.hibernate.id.factory.internal.DefaultIdentifierGeneratorFactory  - Registering IdentifierGenerator strategy [uuid] -> [org.hibernate.id.UUIDHexGenerator]
2016-02-07 17:29:00,153 346  [main] DEBUG org.hibernate.id.factory.internal.DefaultIdentifierGeneratorFactory  - Registering IdentifierGenerator strategy [uuid.hex] -> [org.hibernate.id.UUIDHexGenerator]
2016-02-07 17:29:00,155 348  [main] DEBUG org.hibernate.id.factory.internal.DefaultIdentifierGeneratorFactory  - Registering IdentifierGenerator strategy [hilo] -> [org.hibernate.id.TableHiLoGenerator]
2016-02-07 17:29:00,156 349  [main] DEBUG org.hibernate.id.factory.internal.DefaultIdentifierGeneratorFactory  - Registering IdentifierGenerator strategy [assigned] -> [org.hibernate.id.Assigned]
2016-02-07 17:29:00,161 354  [main] DEBUG org.hibernate.id.factory.internal.DefaultIdentifierGeneratorFactory  - Registering IdentifierGenerator strategy [identity] -> [org.hibernate.id.IdentityGenerator]
2016-02-07 17:29:00,162 355  [main] DEBUG org.hibernate.id.factory.internal.DefaultIdentifierGeneratorFactory  - Registering IdentifierGenerator strategy [select] -> [org.hibernate.id.SelectGenerator]
2016-02-07 17:29:00,162 355  [main] DEBUG org.hibernate.id.factory.internal.DefaultIdentifierGeneratorFactory  - Registering IdentifierGenerator strategy [sequence] -> [org.hibernate.id.SequenceGenerator]
2016-02-07 17:29:00,163 356  [main] DEBUG org.hibernate.id.factory.internal.DefaultIdentifierGeneratorFactory  - Registering IdentifierGenerator strategy [seqhilo] -> [org.hibernate.id.SequenceHiLoGenerator]
2016-02-07 17:29:00,164 357  [main] DEBUG org.hibernate.id.factory.internal.DefaultIdentifierGeneratorFactory  - Registering IdentifierGenerator strategy [increment] -> [org.hibernate.id.IncrementGenerator]
2016-02-07 17:29:00,166 359  [main] DEBUG org.hibernate.id.factory.internal.DefaultIdentifierGeneratorFactory  - Registering IdentifierGenerator strategy [foreign] -> [org.hibernate.id.ForeignGenerator]
2016-02-07 17:29:00,168 361  [main] DEBUG org.hibernate.id.factory.internal.DefaultIdentifierGeneratorFactory  - Registering IdentifierGenerator strategy [sequence-identity] -> [org.hibernate.id.SequenceIdentityGenerator]
2016-02-07 17:29:00,169 362  [main] DEBUG org.hibernate.id.factory.internal.DefaultIdentifierGeneratorFactory  - Registering IdentifierGenerator strategy [enhanced-sequence] -> [org.hibernate.id.enhanced.SequenceStyleGenerator]
2016-02-07 17:29:00,170 363  [main] DEBUG org.hibernate.id.factory.internal.DefaultIdentifierGeneratorFactory  - Registering IdentifierGenerator strategy [enhanced-table] -> [org.hibernate.id.enhanced.TableGenerator]
2016-02-07 17:29:00,177 370  [main] INFO  org.hibernate.cfg.Configuration  - HHH000043: Configuring from resource: /hibernate.cfg.xml
2016-02-07 17:29:00,177 370  [main] INFO  org.hibernate.cfg.Configuration  - HHH000040: Configuration resource: /hibernate.cfg.xml
2016-02-07 17:29:00,270 463  [main] TRACE org.hibernate.cfg.EJB3DTDEntityResolver  - Resolving XML entity -//Hibernate/Hibernate Configuration DTD//EN : http://www.hibernate.org/dtd/hibernate-configuration-3.0.dtd
2016-02-07 17:29:00,270 463  [main] DEBUG org.hibernate.internal.util.xml.DTDEntityResolver  - Trying to resolve system-id [http://www.hibernate.org/dtd/hibernate-configuration-3.0.dtd]
2016-02-07 17:29:00,271 464  [main] DEBUG org.hibernate.internal.util.xml.DTDEntityResolver  - Recognized hibernate namespace; attempting to resolve on classpath under org/hibernate/
2016-02-07 17:29:00,271 464  [main] DEBUG org.hibernate.internal.util.xml.DTDEntityResolver  - Located [http://www.hibernate.org/dtd/hibernate-configuration-3.0.dtd] in classpath
2016-02-07 17:29:00,306 499  [main] DEBUG org.hibernate.cfg.Configuration  - dialect=org.hibernate.dialect.MySQL5Dialect
2016-02-07 17:29:00,306 499  [main] DEBUG org.hibernate.cfg.Configuration  - connection.url=jdbc:mysql://localhost:3306/trainingtracker
2016-02-07 17:29:00,306 499  [main] DEBUG org.hibernate.cfg.Configuration  - connection.driver_class=com.mysql.jdbc.Driver
2016-02-07 17:29:00,306 499  [main] DEBUG org.hibernate.cfg.Configuration  - connection.username=felicia
2016-02-07 17:29:00,306 499  [main] DEBUG org.hibernate.cfg.Configuration  - connection.password=felicia
2016-02-07 17:29:00,307 500  [main] DEBUG org.hibernate.cfg.Configuration  - Session-factory config [null] named resource [User.hbm.xml] for mapping
2016-02-07 17:29:00,307 500  [main] INFO  org.hibernate.cfg.Configuration  - HHH000221: Reading mappings from resource: User.hbm.xml
2016-02-07 17:29:00,339 532  [main] TRACE org.hibernate.cfg.EJB3DTDEntityResolver  - Resolving XML entity -//Hibernate/Hibernate Mapping DTD//EN : http://www.hibernate.org/dtd/hibernate-mapping-3.0.dtd
2016-02-07 17:29:00,339 532  [main] DEBUG org.hibernate.internal.util.xml.DTDEntityResolver  - Trying to resolve system-id [http://www.hibernate.org/dtd/hibernate-mapping-3.0.dtd]
2016-02-07 17:29:00,339 532  [main] DEBUG org.hibernate.internal.util.xml.DTDEntityResolver  - Recognized hibernate namespace; attempting to resolve on classpath under org/hibernate/
2016-02-07 17:29:00,340 533  [main] DEBUG org.hibernate.internal.util.xml.DTDEntityResolver  - Located [http://www.hibernate.org/dtd/hibernate-mapping-3.0.dtd] in classpath
2016-02-07 17:29:00,389 582  [main] DEBUG org.hibernate.cfg.Configuration  - Session-factory config [null] named class [com.feliciadurni.tt.entity.User] for mapping
2016-02-07 17:29:00,408 601  [main] INFO  org.hibernate.cfg.Configuration  - HHH000041: Configured SessionFactory: null
2016-02-07 17:29:00,408 601  [main] DEBUG org.hibernate.cfg.Configuration  - Properties: {hibernate.connection.password=felicia, java.runtime.name=Java(TM) SE Runtime Environment, sun.boot.library.path=C:\Program Files\Java\jdk1.7.0_79\jre\bin, java.vm.version=24.79-b02, hibernate.connection.username=felicia, java.vm.vendor=Oracle Corporation, java.vendor.url=http://java.oracle.com/, path.separator=;, java.vm.name=Java HotSpot(TM) 64-Bit Server VM, file.encoding.pkg=sun.io, idea.launcher.port=7532, user.script=, user.country=US, sun.java.launcher=SUN_STANDARD, sun.os.patch.level=, java.vm.specification.name=Java Virtual Machine Specification, user.dir=C:\Users\felic\GitHub\FDurni\TrainingTracker, java.runtime.version=1.7.0_79-b15, java.awt.graphicsenv=sun.awt.Win32GraphicsEnvironment, java.endorsed.dirs=C:\Program Files\Java\jdk1.7.0_79\jre\lib\endorsed, os.arch=amd64, java.io.tmpdir=C:\Users\felic\AppData\Local\Temp\, line.separator=
, java.vm.specification.vendor=Oracle Corporation, user.variant=, os.name=Windows 8.1, sun.jnu.encoding=Cp1252, java.library.path=C:\Program Files\Java\jdk1.7.0_79\bin;C:\Windows\Sun\Java\bin;C:\Windows\system32;C:\Windows;C:\ProgramData\Oracle\Java\javapath;C:\Program Files (x86)\Intel\iCLS Client\;C:\Program Files\Intel\iCLS Client\;C:\Windows\system32;C:\Windows;C:\Windows\System32\Wbem;C:\Windows\System32\WindowsPowerShell\v1.0\;C:\Program Files (x86)\Intel\Intel(R) Management Engine Components\DAL;C:\Program Files\Intel\Intel(R) Management Engine Components\DAL;C:\Program Files (x86)\Intel\Intel(R) Management Engine Components\IPT;C:\Program Files\Intel\Intel(R) Management Engine Components\IPT;C:\Program Files (x86)\MySQL\MySQL Fabric 1.5 & MySQL Utilities 1.5\;C:\Program Files (x86)\MySQL\MySQL Fabric 1.5 & MySQL Utilities 1.5\Doctrine extensions for PHP\;C:\Program Files\Git\cmd;C:\Ruby193\bin;C:\Ruby22-x64\bin;., java.specification.name=Java Platform API Specification, java.class.version=51.0, sun.management.compiler=HotSpot 64-Bit Tiered Compilers, os.version=6.3, connection.password=felicia, user.home=C:\Users\felic, user.timezone=America/Chicago, connection.username=felicia, java.awt.printerjob=sun.awt.windows.WPrinterJob, file.encoding=UTF-8, idea.launcher.bin.path=C:\Program Files (x86)\JetBrains\IntelliJ IDEA 15.0.3\bin, java.specification.version=1.7, hibernate.connection.driver_class=com.mysql.jdbc.Driver, java.class.path=C:\Program Files (x86)\JetBrains\IntelliJ IDEA 15.0.3\lib\idea_rt.jar;C:\Program Files (x86)\JetBrains\IntelliJ IDEA 15.0.3\plugins\junit\lib\junit-rt.jar;C:\Program Files\Java\jdk1.7.0_79\jre\lib\charsets.jar;C:\Program Files\Java\jdk1.7.0_79\jre\lib\deploy.jar;C:\Program Files\Java\jdk1.7.0_79\jre\lib\ext\access-bridge-64.jar;C:\Program Files\Java\jdk1.7.0_79\jre\lib\ext\dnsns.jar;C:\Program Files\Java\jdk1.7.0_79\jre\lib\ext\jaccess.jar;C:\Program Files\Java\jdk1.7.0_79\jre\lib\ext\localedata.jar;C:\Program Files\Java\jdk1.7.0_79\jre\lib\ext\sunec.jar;C:\Program Files\Java\jdk1.7.0_79\jre\lib\ext\sunjce_provider.jar;C:\Program Files\Java\jdk1.7.0_79\jre\lib\ext\sunmscapi.jar;C:\Program Files\Java\jdk1.7.0_79\jre\lib\ext\zipfs.jar;C:\Program Files\Java\jdk1.7.0_79\jre\lib\javaws.jar;C:\Program Files\Java\jdk1.7.0_79\jre\lib\jce.jar;C:\Program Files\Java\jdk1.7.0_79\jre\lib\jfr.jar;C:\Program Files\Java\jdk1.7.0_79\jre\lib\jfxrt.jar;C:\Program Files\Java\jdk1.7.0_79\jre\lib\jsse.jar;C:\Program Files\Java\jdk1.7.0_79\jre\lib\management-agent.jar;C:\Program Files\Java\jdk1.7.0_79\jre\lib\plugin.jar;C:\Program Files\Java\jdk1.7.0_79\jre\lib\resources.jar;C:\Program Files\Java\jdk1.7.0_79\jre\lib\rt.jar;C:\Users\felic\GitHub\FDurni\TrainingTracker\out\test\TrainingTracker;C:\Users\felic\GitHub\FDurni\TrainingTracker\out\production\TrainingTracker;C:\Program Files (x86)\JetBrains\IntelliJ IDEA 15.0.3\lib\junit.jar;C:\Program Files (x86)\JetBrains\IntelliJ IDEA 15.0.3\lib\junit-4.12.jar;C:\Program Files (x86)\JetBrains\IntelliJ IDEA 15.0.3\lib\hamcrest-core-1.3.jar;C:\Program Files (x86)\JetBrains\IntelliJ IDEA 15.0.3\lib\log4j.jar;C:\Users\felic\.IntelliJIdea15\config\jdbc-drivers\mysql-connector-java-5.1.35-bin.jar;C:\Users\felic\Downloads\geronimo-osgi-locator-1.0.jar;C:\Users\felic\GitHub\FDurni\TrainingTracker\lib\hibernate-core-4.2.2.Final.jar;C:\Users\felic\GitHub\FDurni\TrainingTracker\lib\hibernate-jpa-2.0-api-1.0.1.Final.jar;C:\Users\felic\GitHub\FDurni\TrainingTracker\lib\hibernate-commons-annotations-4.0.2.Final.jar;C:\Users\felic\GitHub\FDurni\TrainingTracker\lib\antlr-2.7.7.jar;C:\Users\felic\GitHub\FDurni\TrainingTracker\lib\dom4j-1.6.1.jar;C:\Users\felic\GitHub\FDurni\TrainingTracker\lib\javassist-3.15.0-GA.jar;C:\Users\felic\GitHub\FDurni\TrainingTracker\lib\jboss-transaction-api_1.1_spec-1.0.1.Final.jar;C:\Users\felic\GitHub\FDurni\TrainingTracker\lib\jboss-logging-3.1.0.GA.jar;C:\Users\felic\GitHub\FDurni\TrainingTracker\lib\javax.annotation.jar;C:\Users\felic\GitHub\FDurni\TrainingTracker\lib\javax.jms.jar;C:\Users\felic\GitHub\FDurni\TrainingTracker\lib\javax.resource.jar;C:\Users\felic\GitHub\FDurni\TrainingTracker\lib\javax.ejb.jar;C:\Users\felic\GitHub\FDurni\TrainingTracker\lib\javax.servlet.jar;C:\Users\felic\GitHub\FDurni\TrainingTracker\lib\javax.servlet.jsp.jar;C:\Users\felic\GitHub\FDurni\TrainingTracker\lib\javax.servlet.jsp.jstl.jar, user.name=felic, hibernate.bytecode.use_reflection_optimizer=false, java.vm.specification.version=1.7, sun.java.command=com.intellij.rt.execution.application.AppMain com.intellij.rt.execution.junit.JUnitStarter -ideVersion5 com.feliciadurni.tt.persistence.UserDaoWithHibernateTest,testAddUser, java.home=C:\Program Files\Java\jdk1.7.0_79\jre, sun.arch.data.model=64, hibernate.connection.url=jdbc:mysql://localhost:3306/trainingtracker, hibernate.dialect=org.hibernate.dialect.MySQL5Dialect, user.language=en, java.specification.vendor=Oracle Corporation, awt.toolkit=sun.awt.windows.WToolkit, java.vm.info=mixed mode, java.version=1.7.0_79, java.ext.dirs=C:\Program Files\Java\jdk1.7.0_79\jre\lib\ext;C:\Windows\Sun\Java\lib\ext, sun.boot.class.path=C:\Program Files\Java\jdk1.7.0_79\jre\lib\resources.jar;C:\Program Files\Java\jdk1.7.0_79\jre\lib\rt.jar;C:\Program Files\Java\jdk1.7.0_79\jre\lib\sunrsasign.jar;C:\Program Files\Java\jdk1.7.0_79\jre\lib\jsse.jar;C:\Program Files\Java\jdk1.7.0_79\jre\lib\jce.jar;C:\Program Files\Java\jdk1.7.0_79\jre\lib\charsets.jar;C:\Program Files\Java\jdk1.7.0_79\jre\lib\jfr.jar;C:\Program Files\Java\jdk1.7.0_79\jre\classes, idea.junit.sm_runner=, java.vendor=Oracle Corporation, connection.driver_class=com.mysql.jdbc.Driver, file.separator=\, java.vendor.url.bug=http://bugreport.sun.com/bugreport/, sun.io.unicode.encoding=UnicodeLittle, sun.cpu.endian=little, sun.desktop=windows, connection.url=jdbc:mysql://localhost:3306/trainingtracker, dialect=org.hibernate.dialect.MySQL5Dialect, sun.cpu.isalist=amd64}
2016-02-07 17:29:00,426 619  [main] DEBUG org.hibernate.integrator.internal.IntegratorServiceImpl  - Adding Integrator [org.hibernate.cfg.beanvalidation.BeanValidationIntegrator].
2016-02-07 17:29:00,515 708  [main] DEBUG org.hibernate.cfg.Configuration  - Preparing to build session factory with filters : {}
2016-02-07 17:29:00,516 709  [main] TRACE org.hibernate.service.internal.AbstractServiceRegistryImpl  - Initializing service [role=org.hibernate.engine.jdbc.spi.JdbcServices]
2016-02-07 17:29:00,528 721  [main] TRACE org.hibernate.service.internal.AbstractServiceRegistryImpl  - Initializing service [role=org.hibernate.service.jdbc.connections.spi.ConnectionProvider]
2016-02-07 17:29:00,531 724  [main] INFO  org.hibernate.service.jdbc.connections.internal.DriverManagerConnectionProviderImpl  - HHH000402: Using Hibernate built-in connection pool (not for production use!)
2016-02-07 17:29:00,541 734  [main] INFO  org.hibernate.service.jdbc.connections.internal.DriverManagerConnectionProviderImpl  - HHH000115: Hibernate connection pool size: 20
2016-02-07 17:29:00,541 734  [main] INFO  org.hibernate.service.jdbc.connections.internal.DriverManagerConnectionProviderImpl  - HHH000006: Autocommit mode: false
2016-02-07 17:29:00,542 735  [main] INFO  org.hibernate.service.jdbc.connections.internal.DriverManagerConnectionProviderImpl  - HHH000401: using driver [com.mysql.jdbc.Driver] at URL [jdbc:mysql://localhost:3306/trainingtracker]
2016-02-07 17:29:00,542 735  [main] INFO  org.hibernate.service.jdbc.connections.internal.DriverManagerConnectionProviderImpl  - HHH000046: Connection properties: {user=felicia, password=felicia}
2016-02-07 17:29:00,543 736  [main] TRACE org.hibernate.service.internal.AbstractServiceRegistryImpl  - Initializing service [role=org.hibernate.service.jdbc.dialect.spi.DialectFactory]
2016-02-07 17:29:00,547 740  [main] TRACE org.hibernate.service.internal.AbstractServiceRegistryImpl  - Initializing service [role=org.hibernate.service.jdbc.dialect.spi.DialectResolver]
2016-02-07 17:29:00,596 789  [main] TRACE org.hibernate.service.jdbc.connections.internal.DriverManagerConnectionProviderImpl  - Total checked-out connections: 0
2016-02-07 17:29:00,596 789  [main] DEBUG org.hibernate.service.jdbc.connections.internal.DriverManagerConnectionProviderImpl  - Opening new JDBC connection
2016-02-07 17:29:01,129 1322 [main] DEBUG org.hibernate.service.jdbc.connections.internal.DriverManagerConnectionProviderImpl  - Created connection to: jdbc:mysql://localhost:3306/trainingtracker, Isolation Level: 4
2016-02-07 17:29:01,129 1322 [main] DEBUG org.hibernate.engine.jdbc.internal.JdbcServicesImpl  - Database ->
       name : MySQL
    version : 5.7.10-log
      major : 5
      minor : 7
2016-02-07 17:29:01,130 1323 [main] DEBUG org.hibernate.engine.jdbc.internal.JdbcServicesImpl  - Driver ->
       name : MySQL Connector Java
    version : mysql-connector-java-5.1.35 ( Revision: 5fb9c5849535c13917c2cf9baaece6ef9693ef27 )
      major : 5
      minor : 1
2016-02-07 17:29:01,130 1323 [main] DEBUG org.hibernate.engine.jdbc.internal.JdbcServicesImpl  - JDBC version : 4.0
2016-02-07 17:29:01,172 1365 [main] INFO  org.hibernate.dialect.Dialect  - HHH000400: Using dialect: org.hibernate.dialect.MySQL5Dialect
2016-02-07 17:29:01,201 1394 [main] TRACE org.hibernate.service.jdbc.connections.internal.DriverManagerConnectionProviderImpl  - Returning connection to pool, pool size: 1
2016-02-07 17:29:01,230 1423 [main] TRACE org.hibernate.cfg.Configuration  - Starting secondPassCompile() processing
2016-02-07 17:29:01,274 1467 [main] DEBUG org.hibernate.cfg.Configuration  - Processing hbm.xml files
2016-02-07 17:29:01,299 1492 [main] DEBUG org.hibernate.cfg.HbmBinder  - Mapping class: com.feliciadurni.tt.entity.User -> users
2016-02-07 17:29:01,305 1498 [main] DEBUG org.hibernate.cfg.HbmBinder  - Mapped property: id -> id
2016-02-07 17:29:01,315 1508 [main] DEBUG org.hibernate.cfg.HbmBinder  - Mapped property: firstName -> firstName
2016-02-07 17:29:01,315 1508 [main] DEBUG org.hibernate.cfg.HbmBinder  - Mapped property: lastName -> lastName
2016-02-07 17:29:01,315 1508 [main] DEBUG org.hibernate.cfg.HbmBinder  - Mapped property: emailAddress -> emailAddress
2016-02-07 17:29:01,315 1508 [main] DEBUG org.hibernate.cfg.HbmBinder  - Mapped property: password -> password
2016-02-07 17:29:01,315 1508 [main] DEBUG org.hibernate.cfg.Configuration  - Process annotated classes
2016-02-07 17:29:01,318 1511 [main] DEBUG org.hibernate.cfg.Configuration  - Processing fk mappings (*ToOne and JoinedSubclass)
2016-02-07 17:29:01,319 1512 [main] DEBUG org.hibernate.cfg.Configuration  - Processing extends queue
2016-02-07 17:29:01,319 1512 [main] DEBUG org.hibernate.cfg.Configuration  - Processing extends queue
2016-02-07 17:29:01,319 1512 [main] DEBUG org.hibernate.cfg.Configuration  - Processing collection mappings
2016-02-07 17:29:01,319 1512 [main] DEBUG org.hibernate.cfg.Configuration  - Processing native query and ResultSetMapping mappings
2016-02-07 17:29:01,319 1512 [main] DEBUG org.hibernate.cfg.Configuration  - Processing association property references
2016-02-07 17:29:01,319 1512 [main] DEBUG org.hibernate.cfg.Configuration  - Creating tables' unique integer identifiers
2016-02-07 17:29:01,319 1512 [main] DEBUG org.hibernate.cfg.Configuration  - Processing foreign key constraints
2016-02-07 17:29:01,322 1515 [main] TRACE org.hibernate.service.internal.AbstractServiceRegistryImpl  - Initializing service [role=org.hibernate.service.jta.platform.spi.JtaPlatform]
2016-02-07 17:29:01,330 1523 [main] DEBUG org.hibernate.cfg.SettingsFactory  - Automatic flush during beforeCompletion(): disabled
2016-02-07 17:29:01,330 1523 [main] DEBUG org.hibernate.cfg.SettingsFactory  - Automatic session close at end of transaction: disabled
2016-02-07 17:29:01,330 1523 [main] DEBUG org.hibernate.cfg.SettingsFactory  - JDBC batch size: 15
2016-02-07 17:29:01,330 1523 [main] DEBUG org.hibernate.cfg.SettingsFactory  - JDBC batch updates for versioned data: disabled
2016-02-07 17:29:01,330 1523 [main] DEBUG org.hibernate.cfg.SettingsFactory  - Scrollable result sets: enabled
2016-02-07 17:29:01,330 1523 [main] DEBUG org.hibernate.cfg.SettingsFactory  - Wrap result sets: disabled
2016-02-07 17:29:01,330 1523 [main] DEBUG org.hibernate.cfg.SettingsFactory  - JDBC3 getGeneratedKeys(): enabled
2016-02-07 17:29:01,330 1523 [main] DEBUG org.hibernate.cfg.SettingsFactory  - multi-tenancy strategy : NONE
2016-02-07 17:29:01,330 1523 [main] DEBUG org.hibernate.cfg.SettingsFactory  - Connection release mode: auto
2016-02-07 17:29:01,331 1524 [main] TRACE org.hibernate.service.internal.AbstractServiceRegistryImpl  - Initializing service [role=org.hibernate.engine.transaction.spi.TransactionFactory]
2016-02-07 17:29:01,331 1524 [main] INFO  org.hibernate.engine.transaction.internal.TransactionFactoryInitiator  - HHH000399: Using default transaction strategy (direct JDBC transactions)
2016-02-07 17:29:01,347 1540 [main] TRACE org.hibernate.loader.BatchFetchStyle  - Interpreting BatchFetchStyle from setting : null
2016-02-07 17:29:01,347 1540 [main] DEBUG org.hibernate.cfg.SettingsFactory  - Using BatchFetchStyle : LEGACY
2016-02-07 17:29:01,348 1541 [main] DEBUG org.hibernate.cfg.SettingsFactory  - Maximum outer join fetch depth: 2
2016-02-07 17:29:01,348 1541 [main] DEBUG org.hibernate.cfg.SettingsFactory  - Default batch fetch size: 1
2016-02-07 17:29:01,348 1541 [main] DEBUG org.hibernate.cfg.SettingsFactory  - Generate SQL with comments: disabled
2016-02-07 17:29:01,348 1541 [main] DEBUG org.hibernate.cfg.SettingsFactory  - Order SQL updates by primary key: disabled
2016-02-07 17:29:01,348 1541 [main] DEBUG org.hibernate.cfg.SettingsFactory  - Order SQL inserts for batching: disabled
2016-02-07 17:29:01,348 1541 [main] DEBUG org.hibernate.cfg.SettingsFactory  - Default null ordering: none
2016-02-07 17:29:01,349 1542 [main] DEBUG org.hibernate.cfg.SettingsFactory  - Query translator: org.hibernate.hql.internal.ast.ASTQueryTranslatorFactory
2016-02-07 17:29:01,353 1546 [main] INFO  org.hibernate.hql.internal.ast.ASTQueryTranslatorFactory  - HHH000397: Using ASTQueryTranslatorFactory
2016-02-07 17:29:01,353 1546 [main] DEBUG org.hibernate.cfg.SettingsFactory  - Query language substitutions: {}
2016-02-07 17:29:01,353 1546 [main] DEBUG org.hibernate.cfg.SettingsFactory  - JPA-QL strict compliance: disabled
2016-02-07 17:29:01,353 1546 [main] DEBUG org.hibernate.cfg.SettingsFactory  - Second-level cache: enabled
2016-02-07 17:29:01,353 1546 [main] DEBUG org.hibernate.cfg.SettingsFactory  - Query cache: disabled
2016-02-07 17:29:01,353 1546 [main] DEBUG org.hibernate.cfg.SettingsFactory  - Cache region factory : org.hibernate.cache.internal.NoCachingRegionFactory
2016-02-07 17:29:01,355 1548 [main] DEBUG org.hibernate.cfg.SettingsFactory  - org.hibernate.cache.internal.NoCachingRegionFactory did not provide constructor accepting java.util.Properties; attempting no-arg constructor.
2016-02-07 17:29:01,355 1548 [main] DEBUG org.hibernate.cfg.SettingsFactory  - Optimize cache for minimal puts: disabled
2016-02-07 17:29:01,355 1548 [main] DEBUG org.hibernate.cfg.SettingsFactory  - Structured second-level cache entries: disabled
2016-02-07 17:29:01,355 1548 [main] DEBUG org.hibernate.cfg.SettingsFactory  - Second-level cache direct-reference entries: disabled
2016-02-07 17:29:01,355 1548 [main] DEBUG org.hibernate.cfg.SettingsFactory  - Statistics: disabled
2016-02-07 17:29:01,355 1548 [main] DEBUG org.hibernate.cfg.SettingsFactory  - Deleted entity synthetic identifier rollback: disabled
2016-02-07 17:29:01,355 1548 [main] DEBUG org.hibernate.cfg.SettingsFactory  - Default entity-mode: pojo
2016-02-07 17:29:01,356 1549 [main] DEBUG org.hibernate.cfg.SettingsFactory  - Named query checking : enabled
2016-02-07 17:29:01,356 1549 [main] DEBUG org.hibernate.cfg.SettingsFactory  - Check Nullability in Core (should be disabled when Bean Validation is on): enabled
2016-02-07 17:29:01,356 1549 [main] DEBUG org.hibernate.cfg.SettingsFactory  - Allow initialization of lazy state outside session : : disabled
2016-02-07 17:29:01,356 1549 [main] DEBUG org.hibernate.cfg.SettingsFactory  - JTA Track by Thread: enabled
2016-02-07 17:29:01,370 1563 [main] DEBUG org.hibernate.internal.SessionFactoryImpl  - Building session factory
2016-02-07 17:29:01,372 1565 [main] TRACE org.hibernate.service.internal.AbstractServiceRegistryImpl  - Initializing service [role=org.hibernate.service.spi.SessionFactoryServiceRegistryFactory]
2016-02-07 17:29:01,382 1575 [main] TRACE org.hibernate.service.internal.AbstractServiceRegistryImpl  - Initializing service [role=org.hibernate.engine.spi.CacheImplementor]
2016-02-07 17:29:01,396 1589 [main] TRACE org.hibernate.type.TypeFactory  - Scoping types to session factory org.hibernate.internal.SessionFactoryImpl@30470ebc
2016-02-07 17:29:01,398 1591 [main] DEBUG org.hibernate.internal.SessionFactoryImpl  - Session factory constructed with filter configurations : {}
2016-02-07 17:29:01,398 1591 [main] DEBUG org.hibernate.internal.SessionFactoryImpl  - Instantiating session factory with properties: {java.runtime.name=Java(TM) SE Runtime Environment, hibernate.connection.password=felicia, sun.boot.library.path=C:\Program Files\Java\jdk1.7.0_79\jre\bin, java.vm.version=24.79-b02, hibernate.connection.username=felicia, java.vm.vendor=Oracle Corporation, java.vendor.url=http://java.oracle.com/, path.separator=;, java.vm.name=Java HotSpot(TM) 64-Bit Server VM, file.encoding.pkg=sun.io, idea.launcher.port=7532, user.script=, user.country=US, sun.java.launcher=SUN_STANDARD, sun.os.patch.level=, java.vm.specification.name=Java Virtual Machine Specification, user.dir=C:\Users\felic\GitHub\FDurni\TrainingTracker, java.runtime.version=1.7.0_79-b15, java.awt.graphicsenv=sun.awt.Win32GraphicsEnvironment, java.endorsed.dirs=C:\Program Files\Java\jdk1.7.0_79\jre\lib\endorsed, os.arch=amd64, java.io.tmpdir=C:\Users\felic\AppData\Local\Temp\, line.separator=
, java.vm.specification.vendor=Oracle Corporation, user.variant=, os.name=Windows 8.1, sun.jnu.encoding=Cp1252, java.library.path=C:\Program Files\Java\jdk1.7.0_79\bin;C:\Windows\Sun\Java\bin;C:\Windows\system32;C:\Windows;C:\ProgramData\Oracle\Java\javapath;C:\Program Files (x86)\Intel\iCLS Client\;C:\Program Files\Intel\iCLS Client\;C:\Windows\system32;C:\Windows;C:\Windows\System32\Wbem;C:\Windows\System32\WindowsPowerShell\v1.0\;C:\Program Files (x86)\Intel\Intel(R) Management Engine Components\DAL;C:\Program Files\Intel\Intel(R) Management Engine Components\DAL;C:\Program Files (x86)\Intel\Intel(R) Management Engine Components\IPT;C:\Program Files\Intel\Intel(R) Management Engine Components\IPT;C:\Program Files (x86)\MySQL\MySQL Fabric 1.5 & MySQL Utilities 1.5\;C:\Program Files (x86)\MySQL\MySQL Fabric 1.5 & MySQL Utilities 1.5\Doctrine extensions for PHP\;C:\Program Files\Git\cmd;C:\Ruby193\bin;C:\Ruby22-x64\bin;., java.specification.name=Java Platform API Specification, java.class.version=51.0, sun.management.compiler=HotSpot 64-Bit Tiered Compilers, os.version=6.3, user.home=C:\Users\felic, connection.password=felicia, user.timezone=America/Chicago, java.awt.printerjob=sun.awt.windows.WPrinterJob, connection.username=felicia, java.specification.version=1.7, idea.launcher.bin.path=C:\Program Files (x86)\JetBrains\IntelliJ IDEA 15.0.3\bin, file.encoding=UTF-8, hibernate.connection.driver_class=com.mysql.jdbc.Driver, user.name=felic, java.class.path=C:\Program Files (x86)\JetBrains\IntelliJ IDEA 15.0.3\lib\idea_rt.jar;C:\Program Files (x86)\JetBrains\IntelliJ IDEA 15.0.3\plugins\junit\lib\junit-rt.jar;C:\Program Files\Java\jdk1.7.0_79\jre\lib\charsets.jar;C:\Program Files\Java\jdk1.7.0_79\jre\lib\deploy.jar;C:\Program Files\Java\jdk1.7.0_79\jre\lib\ext\access-bridge-64.jar;C:\Program Files\Java\jdk1.7.0_79\jre\lib\ext\dnsns.jar;C:\Program Files\Java\jdk1.7.0_79\jre\lib\ext\jaccess.jar;C:\Program Files\Java\jdk1.7.0_79\jre\lib\ext\localedata.jar;C:\Program Files\Java\jdk1.7.0_79\jre\lib\ext\sunec.jar;C:\Program Files\Java\jdk1.7.0_79\jre\lib\ext\sunjce_provider.jar;C:\Program Files\Java\jdk1.7.0_79\jre\lib\ext\sunmscapi.jar;C:\Program Files\Java\jdk1.7.0_79\jre\lib\ext\zipfs.jar;C:\Program Files\Java\jdk1.7.0_79\jre\lib\javaws.jar;C:\Program Files\Java\jdk1.7.0_79\jre\lib\jce.jar;C:\Program Files\Java\jdk1.7.0_79\jre\lib\jfr.jar;C:\Program Files\Java\jdk1.7.0_79\jre\lib\jfxrt.jar;C:\Program Files\Java\jdk1.7.0_79\jre\lib\jsse.jar;C:\Program Files\Java\jdk1.7.0_79\jre\lib\management-agent.jar;C:\Program Files\Java\jdk1.7.0_79\jre\lib\plugin.jar;C:\Program Files\Java\jdk1.7.0_79\jre\lib\resources.jar;C:\Program Files\Java\jdk1.7.0_79\jre\lib\rt.jar;C:\Users\felic\GitHub\FDurni\TrainingTracker\out\test\TrainingTracker;C:\Users\felic\GitHub\FDurni\TrainingTracker\out\production\TrainingTracker;C:\Program Files (x86)\JetBrains\IntelliJ IDEA 15.0.3\lib\junit.jar;C:\Program Files (x86)\JetBrains\IntelliJ IDEA 15.0.3\lib\junit-4.12.jar;C:\Program Files (x86)\JetBrains\IntelliJ IDEA 15.0.3\lib\hamcrest-core-1.3.jar;C:\Program Files (x86)\JetBrains\IntelliJ IDEA 15.0.3\lib\log4j.jar;C:\Users\felic\.IntelliJIdea15\config\jdbc-drivers\mysql-connector-java-5.1.35-bin.jar;C:\Users\felic\Downloads\geronimo-osgi-locator-1.0.jar;C:\Users\felic\GitHub\FDurni\TrainingTracker\lib\hibernate-core-4.2.2.Final.jar;C:\Users\felic\GitHub\FDurni\TrainingTracker\lib\hibernate-jpa-2.0-api-1.0.1.Final.jar;C:\Users\felic\GitHub\FDurni\TrainingTracker\lib\hibernate-commons-annotations-4.0.2.Final.jar;C:\Users\felic\GitHub\FDurni\TrainingTracker\lib\antlr-2.7.7.jar;C:\Users\felic\GitHub\FDurni\TrainingTracker\lib\dom4j-1.6.1.jar;C:\Users\felic\GitHub\FDurni\TrainingTracker\lib\javassist-3.15.0-GA.jar;C:\Users\felic\GitHub\FDurni\TrainingTracker\lib\jboss-transaction-api_1.1_spec-1.0.1.Final.jar;C:\Users\felic\GitHub\FDurni\TrainingTracker\lib\jboss-logging-3.1.0.GA.jar;C:\Users\felic\GitHub\FDurni\TrainingTracker\lib\javax.annotation.jar;C:\Users\felic\GitHub\FDurni\TrainingTracker\lib\javax.jms.jar;C:\Users\felic\GitHub\FDurni\TrainingTracker\lib\javax.resource.jar;C:\Users\felic\GitHub\FDurni\TrainingTracker\lib\javax.ejb.jar;C:\Users\felic\GitHub\FDurni\TrainingTracker\lib\javax.servlet.jar;C:\Users\felic\GitHub\FDurni\TrainingTracker\lib\javax.servlet.jsp.jar;C:\Users\felic\GitHub\FDurni\TrainingTracker\lib\javax.servlet.jsp.jstl.jar, hibernate.bytecode.use_reflection_optimizer=false, java.vm.specification.version=1.7, sun.arch.data.model=64, java.home=C:\Program Files\Java\jdk1.7.0_79\jre, sun.java.command=com.intellij.rt.execution.application.AppMain com.intellij.rt.execution.junit.JUnitStarter -ideVersion5 com.feliciadurni.tt.persistence.UserDaoWithHibernateTest,testAddUser, hibernate.dialect=org.hibernate.dialect.MySQL5Dialect, hibernate.connection.url=jdbc:mysql://localhost:3306/trainingtracker, java.specification.vendor=Oracle Corporation, user.language=en, awt.toolkit=sun.awt.windows.WToolkit, java.vm.info=mixed mode, java.version=1.7.0_79, java.ext.dirs=C:\Program Files\Java\jdk1.7.0_79\jre\lib\ext;C:\Windows\Sun\Java\lib\ext, sun.boot.class.path=C:\Program Files\Java\jdk1.7.0_79\jre\lib\resources.jar;C:\Program Files\Java\jdk1.7.0_79\jre\lib\rt.jar;C:\Program Files\Java\jdk1.7.0_79\jre\lib\sunrsasign.jar;C:\Program Files\Java\jdk1.7.0_79\jre\lib\jsse.jar;C:\Program Files\Java\jdk1.7.0_79\jre\lib\jce.jar;C:\Program Files\Java\jdk1.7.0_79\jre\lib\charsets.jar;C:\Program Files\Java\jdk1.7.0_79\jre\lib\jfr.jar;C:\Program Files\Java\jdk1.7.0_79\jre\classes, java.vendor=Oracle Corporation, idea.junit.sm_runner=, file.separator=\, connection.driver_class=com.mysql.jdbc.Driver, java.vendor.url.bug=http://bugreport.sun.com/bugreport/, sun.cpu.endian=little, sun.io.unicode.encoding=UnicodeLittle, sun.desktop=windows, connection.url=jdbc:mysql://localhost:3306/trainingtracker, sun.cpu.isalist=amd64, dialect=org.hibernate.dialect.MySQL5Dialect}
2016-02-07 17:29:01,418 1611 [main] DEBUG org.hibernate.id.factory.internal.DefaultIdentifierGeneratorFactory  - Setting dialect [org.hibernate.dialect.MySQL5Dialect]
2016-02-07 17:29:01,419 1612 [main] TRACE org.hibernate.service.internal.AbstractServiceRegistryImpl  - Initializing service [role=org.hibernate.persister.spi.PersisterFactory]
2016-02-07 17:29:01,432 1625 [main] TRACE org.hibernate.service.internal.AbstractServiceRegistryImpl  - Initializing service [role=org.hibernate.persister.spi.PersisterClassResolver]
2016-02-07 17:29:01,591 1784 [main] TRACE org.hibernate.persister.entity.AbstractPropertyMapping  - Skipping duplicate registration of path [firstName], existing type = [org.hibernate.type.StringType@3c3aeae4], incoming type = [org.hibernate.type.StringType@3c3aeae4]
2016-02-07 17:29:01,591 1784 [main] TRACE org.hibernate.persister.entity.AbstractPropertyMapping  - Skipping duplicate registration of path [lastName], existing type = [org.hibernate.type.StringType@3c3aeae4], incoming type = [org.hibernate.type.StringType@3c3aeae4]
2016-02-07 17:29:01,591 1784 [main] TRACE org.hibernate.persister.entity.AbstractPropertyMapping  - Skipping duplicate registration of path [emailAddress], existing type = [org.hibernate.type.StringType@3c3aeae4], incoming type = [org.hibernate.type.StringType@3c3aeae4]
2016-02-07 17:29:01,591 1784 [main] TRACE org.hibernate.persister.entity.AbstractPropertyMapping  - Skipping duplicate registration of path [password], existing type = [org.hibernate.type.StringType@3c3aeae4], incoming type = [org.hibernate.type.StringType@3c3aeae4]
2016-02-07 17:29:01,591 1784 [main] TRACE org.hibernate.persister.entity.AbstractPropertyMapping  - Skipping duplicate registration of path [id], existing type = [org.hibernate.type.IntegerType@72a27e13], incoming type = [org.hibernate.type.IntegerType@72a27e13]
2016-02-07 17:29:01,606 1799 [main] DEBUG org.hibernate.persister.entity.AbstractEntityPersister  - Static SQL for entity: com.feliciadurni.tt.entity.User
2016-02-07 17:29:01,606 1799 [main] DEBUG org.hibernate.persister.entity.AbstractEntityPersister  -  Version select: select id from users where id =?
2016-02-07 17:29:01,606 1799 [main] DEBUG org.hibernate.persister.entity.AbstractEntityPersister  -  Snapshot select: select user_.id, user_.firstName as firstNam2_0_, user_.lastName as lastName3_0_, user_.emailAddress as emailAdd4_0_, user_.password as password5_0_ from users user_ where user_.id=?
2016-02-07 17:29:01,607 1800 [main] DEBUG org.hibernate.persister.entity.AbstractEntityPersister  -  Insert 0: insert into users (firstName, lastName, emailAddress, password, id) values (?, ?, ?, ?, ?)
2016-02-07 17:29:01,607 1800 [main] DEBUG org.hibernate.persister.entity.AbstractEntityPersister  -  Update 0: update users set firstName=?, lastName=?, emailAddress=?, password=? where id=?
2016-02-07 17:29:01,607 1800 [main] DEBUG org.hibernate.persister.entity.AbstractEntityPersister  -  Delete 0: delete from users where id=?
2016-02-07 17:29:01,607 1800 [main] DEBUG org.hibernate.persister.entity.AbstractEntityPersister  -  Identity insert: insert into users (firstName, lastName, emailAddress, password) values (?, ?, ?, ?)
2016-02-07 17:29:01,639 1832 [main] DEBUG org.hibernate.loader.Loader  - Static select for entity com.feliciadurni.tt.entity.User [NONE]: select user0_.id as id1_0_0_, user0_.firstName as firstNam2_0_0_, user0_.lastName as lastName3_0_0_, user0_.emailAddress as emailAdd4_0_0_, user0_.password as password5_0_0_ from users user0_ where user0_.id=?
2016-02-07 17:29:01,640 1833 [main] DEBUG org.hibernate.loader.Loader  - Static select for entity com.feliciadurni.tt.entity.User [READ]: select user0_.id as id1_0_0_, user0_.firstName as firstNam2_0_0_, user0_.lastName as lastName3_0_0_, user0_.emailAddress as emailAdd4_0_0_, user0_.password as password5_0_0_ from users user0_ where user0_.id=?
2016-02-07 17:29:01,641 1834 [main] DEBUG org.hibernate.loader.Loader  - Static select for entity com.feliciadurni.tt.entity.User [UPGRADE]: select user0_.id as id1_0_0_, user0_.firstName as firstNam2_0_0_, user0_.lastName as lastName3_0_0_, user0_.emailAddress as emailAdd4_0_0_, user0_.password as password5_0_0_ from users user0_ where user0_.id=? for update
2016-02-07 17:29:01,642 1835 [main] DEBUG org.hibernate.loader.Loader  - Static select for entity com.feliciadurni.tt.entity.User [UPGRADE_NOWAIT]: select user0_.id as id1_0_0_, user0_.firstName as firstNam2_0_0_, user0_.lastName as lastName3_0_0_, user0_.emailAddress as emailAdd4_0_0_, user0_.password as password5_0_0_ from users user0_ where user0_.id=? for update
2016-02-07 17:29:01,642 1835 [main] DEBUG org.hibernate.loader.Loader  - Static select for entity com.feliciadurni.tt.entity.User [FORCE]: select user0_.id as id1_0_0_, user0_.firstName as firstNam2_0_0_, user0_.lastName as lastName3_0_0_, user0_.emailAddress as emailAdd4_0_0_, user0_.password as password5_0_0_ from users user0_ where user0_.id=? for update
2016-02-07 17:29:01,642 1835 [main] DEBUG org.hibernate.loader.Loader  - Static select for entity com.feliciadurni.tt.entity.User [PESSIMISTIC_READ]: select user0_.id as id1_0_0_, user0_.firstName as firstNam2_0_0_, user0_.lastName as lastName3_0_0_, user0_.emailAddress as emailAdd4_0_0_, user0_.password as password5_0_0_ from users user0_ where user0_.id=? lock in share mode
2016-02-07 17:29:01,643 1836 [main] DEBUG org.hibernate.loader.Loader  - Static select for entity com.feliciadurni.tt.entity.User [PESSIMISTIC_WRITE]: select user0_.id as id1_0_0_, user0_.firstName as firstNam2_0_0_, user0_.lastName as lastName3_0_0_, user0_.emailAddress as emailAdd4_0_0_, user0_.password as password5_0_0_ from users user0_ where user0_.id=? for update
2016-02-07 17:29:01,643 1836 [main] DEBUG org.hibernate.loader.Loader  - Static select for entity com.feliciadurni.tt.entity.User [PESSIMISTIC_FORCE_INCREMENT]: select user0_.id as id1_0_0_, user0_.firstName as firstNam2_0_0_, user0_.lastName as lastName3_0_0_, user0_.emailAddress as emailAdd4_0_0_, user0_.password as password5_0_0_ from users user0_ where user0_.id=? for update
2016-02-07 17:29:01,643 1836 [main] DEBUG org.hibernate.loader.Loader  - Static select for entity com.feliciadurni.tt.entity.User [OPTIMISTIC]: select user0_.id as id1_0_0_, user0_.firstName as firstNam2_0_0_, user0_.lastName as lastName3_0_0_, user0_.emailAddress as emailAdd4_0_0_, user0_.password as password5_0_0_ from users user0_ where user0_.id=?
2016-02-07 17:29:01,644 1837 [main] DEBUG org.hibernate.loader.Loader  - Static select for entity com.feliciadurni.tt.entity.User [OPTIMISTIC_FORCE_INCREMENT]: select user0_.id as id1_0_0_, user0_.firstName as firstNam2_0_0_, user0_.lastName as lastName3_0_0_, user0_.emailAddress as emailAdd4_0_0_, user0_.password as password5_0_0_ from users user0_ where user0_.id=?
2016-02-07 17:29:01,665 1858 [main] DEBUG org.hibernate.loader.Loader  - Static select for action ACTION_MERGE on entity com.feliciadurni.tt.entity.User: select user0_.id as id1_0_0_, user0_.firstName as firstNam2_0_0_, user0_.lastName as lastName3_0_0_, user0_.emailAddress as emailAdd4_0_0_, user0_.password as password5_0_0_ from users user0_ where user0_.id=?
2016-02-07 17:29:01,665 1858 [main] DEBUG org.hibernate.loader.Loader  - Static select for action ACTION_REFRESH on entity com.feliciadurni.tt.entity.User: select user0_.id as id1_0_0_, user0_.firstName as firstNam2_0_0_, user0_.lastName as lastName3_0_0_, user0_.emailAddress as emailAdd4_0_0_, user0_.password as password5_0_0_ from users user0_ where user0_.id=?
2016-02-07 17:29:01,702 1895 [main] DEBUG org.hibernate.internal.SessionFactoryRegistry  - Initializing SessionFactoryRegistry : org.hibernate.internal.SessionFactoryRegistry@20c2ba9
2016-02-07 17:29:01,702 1895 [main] TRACE org.hibernate.service.internal.AbstractServiceRegistryImpl  - Initializing service [role=org.hibernate.service.jndi.spi.JndiService]
2016-02-07 17:29:01,704 1897 [main] DEBUG org.hibernate.internal.SessionFactoryRegistry  - Registering SessionFactory: 6299eff1-6ba4-4094-83c0-ebe258f4142f (<unnamed>)
2016-02-07 17:29:01,704 1897 [main] DEBUG org.hibernate.internal.SessionFactoryRegistry  - Not binding SessionFactory to JNDI, no JNDI name configured
2016-02-07 17:29:01,704 1897 [main] DEBUG org.hibernate.internal.SessionFactoryImpl  - Instantiated session factory
2016-02-07 17:29:01,705 1898 [main] DEBUG org.hibernate.internal.SessionFactoryImpl  - Checking 0 named HQL queries
2016-02-07 17:29:01,705 1898 [main] DEBUG org.hibernate.internal.SessionFactoryImpl  - Checking 0 named SQL queries
2016-02-07 17:29:01,707 1900 [main] TRACE org.hibernate.service.internal.AbstractServiceRegistryImpl  - Initializing service [role=org.hibernate.service.config.spi.ConfigurationService]
2016-02-07 17:29:01,710 1903 [main] TRACE org.hibernate.service.internal.AbstractServiceRegistryImpl  - Initializing service [role=org.hibernate.stat.spi.StatisticsImplementor]
2016-02-07 17:29:01,715 1908 [main] DEBUG org.hibernate.stat.internal.StatisticsInitiator  - Statistics initialized [enabled=false]
2016-02-07 17:29:01,766 1959 [main] TRACE org.hibernate.internal.SessionImpl  - Opened session at timestamp: 14548877417
2016-02-07 17:29:01,770 1963 [main] DEBUG org.hibernate.engine.transaction.spi.AbstractTransactionImpl  - begin
2016-02-07 17:29:01,770 1963 [main] DEBUG org.hibernate.engine.jdbc.internal.LogicalConnectionImpl  - Obtaining JDBC connection
2016-02-07 17:29:01,770 1963 [main] TRACE org.hibernate.service.jdbc.connections.internal.DriverManagerConnectionProviderImpl  - Total checked-out connections: 0
2016-02-07 17:29:01,770 1963 [main] TRACE org.hibernate.service.jdbc.connections.internal.DriverManagerConnectionProviderImpl  - Using pooled JDBC connection, pool size: 0
2016-02-07 17:29:01,770 1963 [main] DEBUG org.hibernate.engine.jdbc.internal.LogicalConnectionImpl  - Obtained JDBC connection
2016-02-07 17:29:01,770 1963 [main] DEBUG org.hibernate.engine.transaction.internal.jdbc.JdbcTransaction  - initial autocommit status: false
2016-02-07 17:29:01,785 1978 [main] TRACE org.hibernate.service.internal.AbstractServiceRegistryImpl  - Initializing service [role=org.hibernate.event.service.spi.EventListenerRegistry]
2016-02-07 17:29:01,829 2022 [main] TRACE org.hibernate.event.internal.DefaultSaveOrUpdateEventListener  - Saving transient instance
2016-02-07 17:29:01,833 2026 [main] TRACE org.hibernate.event.internal.AbstractSaveEventListener  - Saving [com.feliciadurni.tt.entity.User#<null>]
2016-02-07 17:29:01,840 2033 [main] TRACE org.hibernate.engine.spi.ActionQueue  - Adding an EntityIdentityInsertAction for [com.feliciadurni.tt.entity.User] object
2016-02-07 17:29:01,841 2034 [main] TRACE org.hibernate.engine.spi.ActionQueue  - Executing inserts before finding non-nullable transient entities for early insert: [EntityIdentityInsertAction[com.feliciadurni.tt.entity.User#<null>]]
2016-02-07 17:29:01,843 2036 [main] TRACE org.hibernate.engine.spi.ActionQueue  - Adding insert with no non-nullable, transient entities: [EntityIdentityInsertAction[com.feliciadurni.tt.entity.User#<null>]]
2016-02-07 17:29:01,843 2036 [main] TRACE org.hibernate.engine.spi.ActionQueue  - Executing insertions before resolved early-insert
2016-02-07 17:29:01,843 2036 [main] DEBUG org.hibernate.engine.spi.ActionQueue  - Executing identity-insert immediately
2016-02-07 17:29:01,845 2038 [main] TRACE org.hibernate.persister.entity.AbstractEntityPersister  - Inserting entity: com.feliciadurni.tt.entity.User (native id)
2016-02-07 17:29:01,849 2042 [main] DEBUG org.hibernate.SQL  - insert into users (firstName, lastName, emailAddress, password) values (?, ?, ?, ?)
2016-02-07 17:29:01,862 2055 [main] TRACE org.hibernate.engine.jdbc.internal.JdbcCoordinatorImpl  - Registering statement [com.mysql.jdbc.JDBC4PreparedStatement@7b486fa6: insert into users (firstName, lastName, emailAddress, password) values (** NOT SPECIFIED **, ** NOT SPECIFIED **, ** NOT SPECIFIED **, ** NOT SPECIFIED **)]
2016-02-07 17:29:01,862 2055 [main] TRACE org.hibernate.persister.entity.AbstractEntityPersister  - Dehydrating entity: [com.feliciadurni.tt.entity.User#<null>]
2016-02-07 17:29:01,866 2059 [main] TRACE org.hibernate.type.descriptor.sql.BasicBinder  - binding parameter [1] as [VARCHAR] - Second
2016-02-07 17:29:01,866 2059 [main] TRACE org.hibernate.type.descriptor.sql.BasicBinder  - binding parameter [2] as [VARCHAR] - Test
2016-02-07 17:29:01,866 2059 [main] TRACE org.hibernate.type.descriptor.sql.BasicBinder  - binding parameter [3] as [VARCHAR] - secondtest@gmail.com
2016-02-07 17:29:01,866 2059 [main] TRACE org.hibernate.type.descriptor.sql.BasicBinder  - binding parameter [4] as [VARCHAR] - supersecret
2016-02-07 17:29:01,878 2071 [main] DEBUG org.hibernate.id.IdentifierGeneratorHelper  - Natively generated identity: 4
2016-02-07 17:29:01,878 2071 [main] TRACE org.hibernate.engine.jdbc.internal.JdbcCoordinatorImpl  - Releasing result set [com.mysql.jdbc.JDBC4ResultSet@55a74d70]
2016-02-07 17:29:01,878 2071 [main] TRACE org.hibernate.engine.jdbc.internal.JdbcCoordinatorImpl  - Closing result set [com.mysql.jdbc.JDBC4ResultSet@55a74d70]
2016-02-07 17:29:01,879 2072 [main] TRACE org.hibernate.engine.jdbc.internal.JdbcCoordinatorImpl  - Releasing statement [com.mysql.jdbc.JDBC4PreparedStatement@7b486fa6: insert into users (firstName, lastName, emailAddress, password) values ('Second', 'Test', 'secondtest@gmail.com', 'supersecret')]
2016-02-07 17:29:01,879 2072 [main] TRACE org.hibernate.engine.jdbc.internal.JdbcCoordinatorImpl  - Closing prepared statement [com.mysql.jdbc.JDBC4PreparedStatement@7b486fa6: insert into users (firstName, lastName, emailAddress, password) values ('Second', 'Test', 'secondtest@gmail.com', 'supersecret')]
2016-02-07 17:29:01,879 2072 [main] TRACE org.hibernate.engine.jdbc.internal.JdbcCoordinatorImpl  - Starting after statement execution processing [ON_CLOSE]
2016-02-07 17:29:01,883 2076 [main] TRACE org.hibernate.action.internal.UnresolvedEntityInsertActions  - No unresolved entity inserts that depended on [[com.feliciadurni.tt.entity.User#4]]
2016-02-07 17:29:01,884 2077 [main] TRACE org.hibernate.action.internal.UnresolvedEntityInsertActions  - No entity insert actions have non-nullable, transient entity dependencies.
2016-02-07 17:29:01,884 2077 [main] DEBUG org.hibernate.engine.transaction.spi.AbstractTransactionImpl  - committing
2016-02-07 17:29:01,884 2077 [main] TRACE org.hibernate.internal.SessionImpl  - Automatically flushing session
2016-02-07 17:29:01,884 2077 [main] TRACE org.hibernate.event.internal.AbstractFlushingEventListener  - Flushing session
2016-02-07 17:29:01,884 2077 [main] DEBUG org.hibernate.event.internal.AbstractFlushingEventListener  - Processing flush-time cascades
2016-02-07 17:29:01,885 2078 [main] DEBUG org.hibernate.event.internal.AbstractFlushingEventListener  - Dirty checking collections
2016-02-07 17:29:01,886 2079 [main] TRACE org.hibernate.event.internal.AbstractFlushingEventListener  - Flushing entities and processing referenced collections
2016-02-07 17:29:01,889 2082 [main] TRACE org.hibernate.event.internal.AbstractFlushingEventListener  - Processing unreferenced collections
2016-02-07 17:29:01,889 2082 [main] TRACE org.hibernate.event.internal.AbstractFlushingEventListener  - Scheduling collection removes/(re)creates/updates
2016-02-07 17:29:01,889 2082 [main] DEBUG org.hibernate.event.internal.AbstractFlushingEventListener  - Flushed: 0 insertions, 0 updates, 0 deletions to 1 objects
2016-02-07 17:29:01,889 2082 [main] DEBUG org.hibernate.event.internal.AbstractFlushingEventListener  - Flushed: 0 (re)creations, 0 updates, 0 removals to 0 collections
2016-02-07 17:29:01,892 2085 [main] DEBUG org.hibernate.internal.util.EntityPrinter  - Listing entities:
2016-02-07 17:29:01,892 2085 [main] DEBUG org.hibernate.internal.util.EntityPrinter  - com.feliciadurni.tt.entity.User{id=4, lastName=Test, emailAddress=secondtest@gmail.com, firstName=Second, password=supersecret}
2016-02-07 17:29:01,892 2085 [main] TRACE org.hibernate.event.internal.AbstractFlushingEventListener  - Executing flush
2016-02-07 17:29:01,892 2085 [main] TRACE org.hibernate.engine.jdbc.internal.JdbcCoordinatorImpl  - Starting after statement execution processing [ON_CLOSE]
2016-02-07 17:29:01,892 2085 [main] TRACE org.hibernate.event.internal.AbstractFlushingEventListener  - Post flush
2016-02-07 17:29:01,892 2085 [main] TRACE org.hibernate.internal.SessionImpl  - before transaction completion
2016-02-07 17:29:01,896 2089 [main] DEBUG org.hibernate.engine.transaction.internal.jdbc.JdbcTransaction  - committed JDBC Connection
2016-02-07 17:29:01,897 2090 [main] TRACE org.hibernate.engine.transaction.internal.TransactionCoordinatorImpl  - after transaction completion
2016-02-07 17:29:01,897 2090 [main] TRACE org.hibernate.internal.SessionImpl  - after transaction completion
2016-02-07 17:29:01,898 2091 [main] INFO  com.feliciadurni.tt.persistence.UserDaoWithHibernate  - Added user: User{id=4, firstName='Second', lastName='Test', emailAddress='secondtest@gmail.com', password='supersecret'} with id of: 4
2016-02-07 17:29:01,898 2091 [main] TRACE org.hibernate.internal.SessionImpl  - Closing session
2016-02-07 17:29:01,898 2091 [main] TRACE org.hibernate.engine.jdbc.internal.JdbcCoordinatorImpl  - Closing JDBC container [org.hibernate.engine.jdbc.internal.JdbcCoordinatorImpl@4aff80f4]
2016-02-07 17:29:01,898 2091 [main] TRACE org.hibernate.engine.jdbc.internal.LogicalConnectionImpl  - Closing logical connection
2016-02-07 17:29:01,898 2091 [main] DEBUG org.hibernate.engine.jdbc.internal.LogicalConnectionImpl  - Releasing JDBC connection
2016-02-07 17:29:01,898 2091 [main] TRACE org.hibernate.service.jdbc.connections.internal.DriverManagerConnectionProviderImpl  - Returning connection to pool, pool size: 1
2016-02-07 17:29:01,898 2091 [main] DEBUG org.hibernate.engine.jdbc.internal.LogicalConnectionImpl  - Released JDBC connection
2016-02-07 17:29:01,899 2092 [main] TRACE org.hibernate.engine.jdbc.internal.LogicalConnectionImpl  - Logical connection closed
